<?xml version="1.0" encoding="UTF-8"?>
<testsuite xmlns:xsi="http://www.w3.org/2001/XMLSchema-instance" xsi:noNamespaceSchemaLocation="https://maven.apache.org/surefire/maven-surefire-plugin/xsd/surefire-test-report-3.0.xsd" version="3.0" name="com.dada.demo.MyPortfolioApplicationTests" time="3.908" tests="1" errors="0" skipped="0" failures="0">
  <properties>
[...]
</properties>
  <testcase name="contextLoads" classname="com.dada.demo.MyPortfolioApplicationTests" time="0.789">
    <system-out><![CDATA[19:25:48.321 [main] INFO org.springframework.test.context.support.AnnotationConfigContextLoaderUtils -- Could not detect default configuration classes for test class [com.dada.demo.MyPortfolioApplicationTests]: MyPortfolioApplicationTests does not declare any static, non-private, non-final, nested classes annotated with @Configuration.
19:25:48.409 [main] INFO org.springframework.boot.test.context.SpringBootTestContextBootstrapper -- Found @SpringBootConfiguration com.dada.demo.MyPortfolioApplication for test class com.dada.demo.MyPortfolioApplicationTests

  .   ____          _            __ _ _
 /\\ / ___'_ __ _ _(_)_ __  __ _ \ \ \ \
( ( )\___ | '_ | '_| | '_ \/ _` | \ \ \ \
 \\/  ___)| |_)| | | | | || (_| |  ) ) ) )
  '  |____| .__|_| |_|_| |_\__, | / / / /
 =========|_|==============|___/=/_/_/_/
 :: Spring Boot ::                (v3.1.0)

2023-06-19T19:25:48.720+05:30  INFO 7600 --- [           main] m.p.springdotenv.DotenvPropertySource    : Initializing Dotenv with DotenvConfig{directory=null, filename=null, ignoreIfMalformed=false, ignoreIfMissing=true, systemProperties=false, prefix=null}
2023-06-19T19:25:48.727+05:30  INFO 7600 --- [           main] c.dada.demo.MyPortfolioApplicationTests  : Starting MyPortfolioApplicationTests using Java 17.0.7 with PID 7600 (started by Rushikesh in D:\Spring Boot Project\My-portfolio3)
2023-06-19T19:25:48.727+05:30  INFO 7600 --- [           main] c.dada.demo.MyPortfolioApplicationTests  : No active profile set, falling back to 1 default profile: "default"
2023-06-19T19:25:49.175+05:30  INFO 7600 --- [           main] .s.d.r.c.RepositoryConfigurationDelegate : Bootstrapping Spring Data MongoDB repositories in DEFAULT mode.
2023-06-19T19:25:49.227+05:30  INFO 7600 --- [           main] .s.d.r.c.RepositoryConfigurationDelegate : Finished Spring Data repository scanning in 48 ms. Found 8 MongoDB repository interfaces.
2023-06-19T19:25:49.670+05:30  INFO 7600 --- [           main] org.mongodb.driver.client                : MongoClient with metadata {"driver": {"name": "mongo-java-driver|sync|spring-boot", "version": "4.9.1"}, "os": {"type": "Windows", "name": "Windows 11", "architecture": "amd64", "version": "10.0"}, "platform": "Java/Eclipse Adoptium/17.0.7+7"} created with settings MongoClientSettings{readPreference=primary, writeConcern=WriteConcern{w=majority, wTimeout=null ms, journal=null}, retryWrites=true, retryReads=true, readConcern=ReadConcern{level=null}, credential=MongoCredential{mechanism=null, userName='dadaamberkar2003', source='admin', password=<hidden>, mechanismProperties=<hidden>}, streamFactoryFactory=null, commandListeners=[], codecRegistry=ProvidersCodecRegistry{codecProviders=[ValueCodecProvider{}, BsonValueCodecProvider{}, DBRefCodecProvider{}, DBObjectCodecProvider{}, DocumentCodecProvider{}, CollectionCodecProvider{}, IterableCodecProvider{}, MapCodecProvider{}, GeoJsonCodecProvider{}, GridFSFileCodecProvider{}, Jsr310CodecProvider{}, JsonObjectCodecProvider{}, BsonCodecProvider{}, EnumCodecProvider{}, com.mongodb.client.model.mql.ExpressionCodecProvider@50b93353, com.mongodb.Jep395RecordCodecProvider@44286963]}, loggerSettings=LoggerSettings{maxDocumentLength=1000}, clusterSettings={hosts=[127.0.0.1:27017], srvHost=cluster0.zptrrui.mongodb.net, srvServiceName=mongodb, mode=MULTIPLE, requiredClusterType=REPLICA_SET, requiredReplicaSetName='atlas-d0z1vn-shard-0', serverSelector='null', clusterListeners='[]', serverSelectionTimeout='30000 ms', localThreshold='30000 ms'}, socketSettings=SocketSettings{connectTimeoutMS=10000, readTimeoutMS=0, receiveBufferSize=0, sendBufferSize=0}, heartbeatSocketSettings=SocketSettings{connectTimeoutMS=10000, readTimeoutMS=10000, receiveBufferSize=0, sendBufferSize=0}, connectionPoolSettings=ConnectionPoolSettings{maxSize=100, minSize=0, maxWaitTimeMS=120000, maxConnectionLifeTimeMS=0, maxConnectionIdleTimeMS=0, maintenanceInitialDelayMS=0, maintenanceFrequencyMS=60000, connectionPoolListeners=[], maxConnecting=2}, serverSettings=ServerSettings{heartbeatFrequencyMS=10000, minHeartbeatFrequencyMS=500, serverListeners='[]', serverMonitorListeners='[]'}, sslSettings=SslSettings{enabled=true, invalidHostNameAllowed=false, context=null}, applicationName='null', compressorList=[], uuidRepresentation=JAVA_LEGACY, serverApi=null, autoEncryptionSettings=null, contextProvider=null}
2023-06-19T19:25:50.262+05:30  INFO 7600 --- [rui.mongodb.net] org.mongodb.driver.cluster               : Adding discovered server ac-zz4qgxr-shard-00-02.zptrrui.mongodb.net:27017 to client view of cluster
2023-06-19T19:25:50.285+05:30  INFO 7600 --- [rui.mongodb.net] org.mongodb.driver.cluster               : Adding discovered server ac-zz4qgxr-shard-00-01.zptrrui.mongodb.net:27017 to client view of cluster
2023-06-19T19:25:50.286+05:30  INFO 7600 --- [rui.mongodb.net] org.mongodb.driver.cluster               : Adding discovered server ac-zz4qgxr-shard-00-00.zptrrui.mongodb.net:27017 to client view of cluster
2023-06-19T19:25:50.690+05:30  INFO 7600 --- [           main] o.s.s.web.DefaultSecurityFilterChain     : Will secure any request with [org.springframework.security.web.session.DisableEncodeUrlFilter@bd273b2, org.springframework.security.web.context.request.async.WebAsyncManagerIntegrationFilter@78128dd0, org.springframework.security.web.context.SecurityContextHolderFilter@5f45bc8e, org.springframework.security.web.header.HeaderWriterFilter@33ebe4f0, org.springframework.security.web.authentication.logout.LogoutFilter@5aab5b31, org.springframework.security.web.authentication.UsernamePasswordAuthenticationFilter@44abdb1f, org.springframework.security.web.authentication.ui.DefaultLoginPageGeneratingFilter@ce655b9, org.springframework.security.web.authentication.ui.DefaultLogoutPageGeneratingFilter@55044b34, org.springframework.security.web.savedrequest.RequestCacheAwareFilter@7ab33ca8, org.springframework.security.web.servletapi.SecurityContextHolderAwareRequestFilter@7a2a7492, org.springframework.security.web.authentication.AnonymousAuthenticationFilter@28dd81ad, org.springframework.security.web.access.ExceptionTranslationFilter@283d3628, org.springframework.security.web.access.intercept.AuthorizationFilter@23f5008a]
2023-06-19T19:25:51.112+05:30  INFO 7600 --- [ngodb.net:27017] org.mongodb.driver.cluster               : Monitor thread successfully connected to server with description ServerDescription{address=ac-zz4qgxr-shard-00-01.zptrrui.mongodb.net:27017, type=REPLICA_SET_PRIMARY, state=CONNECTED, ok=true, minWireVersion=0, maxWireVersion=17, maxDocumentSize=16777216, logicalSessionTimeoutMinutes=30, roundTripTimeNanos=354755600, setName='atlas-d0z1vn-shard-0', canonicalAddress=ac-zz4qgxr-shard-00-01.zptrrui.mongodb.net:27017, hosts=[ac-zz4qgxr-shard-00-00.zptrrui.mongodb.net:27017, ac-zz4qgxr-shard-00-01.zptrrui.mongodb.net:27017, ac-zz4qgxr-shard-00-02.zptrrui.mongodb.net:27017], passives=[], arbiters=[], primary='ac-zz4qgxr-shard-00-01.zptrrui.mongodb.net:27017', tagSet=TagSet{[Tag{name='nodeType', value='ELECTABLE'}, Tag{name='provider', value='GCP'}, Tag{name='region', value='ASIA_SOUTH_1'}, Tag{name='workloadType', value='OPERATIONAL'}]}, electionId=7fffffff0000000000000053, setVersion=5, topologyVersion=TopologyVersion{processId=646e2b141e60de93d0155cfb, counter=6}, lastWriteDate=Mon Jun 19 19:25:50 IST 2023, lastUpdateTimeNanos=3715161099100}
2023-06-19T19:25:51.119+05:30  INFO 7600 --- [ngodb.net:27017] org.mongodb.driver.cluster               : Discovered replica set primary ac-zz4qgxr-shard-00-01.zptrrui.mongodb.net:27017 with max election id 7fffffff0000000000000053 and max set version 5
2023-06-19T19:25:51.288+05:30  INFO 7600 --- [           main] c.dada.demo.MyPortfolioApplicationTests  : Started MyPortfolioApplicationTests in 2.752 seconds (process running for 3.53)
2023-06-19T19:25:51.806+05:30  INFO 7600 --- [ngodb.net:27017] org.mongodb.driver.cluster               : Monitor thread successfully connected to server with description ServerDescription{address=ac-zz4qgxr-shard-00-00.zptrrui.mongodb.net:27017, type=REPLICA_SET_SECONDARY, state=CONNECTED, ok=true, minWireVersion=0, maxWireVersion=17, maxDocumentSize=16777216, logicalSessionTimeoutMinutes=30, roundTripTimeNanos=50539100, setName='atlas-d0z1vn-shard-0', canonicalAddress=ac-zz4qgxr-shard-00-00.zptrrui.mongodb.net:27017, hosts=[ac-zz4qgxr-shard-00-00.zptrrui.mongodb.net:27017, ac-zz4qgxr-shard-00-01.zptrrui.mongodb.net:27017, ac-zz4qgxr-shard-00-02.zptrrui.mongodb.net:27017], passives=[], arbiters=[], primary='ac-zz4qgxr-shard-00-01.zptrrui.mongodb.net:27017', tagSet=TagSet{[Tag{name='nodeType', value='ELECTABLE'}, Tag{name='provider', value='GCP'}, Tag{name='region', value='ASIA_SOUTH_1'}, Tag{name='workloadType', value='OPERATIONAL'}]}, electionId=null, setVersion=5, topologyVersion=TopologyVersion{processId=646e2a6e05d5ed38e1b6f3e8, counter=5}, lastWriteDate=Mon Jun 19 19:25:51 IST 2023, lastUpdateTimeNanos=3715870904000}
2023-06-19T19:25:51.825+05:30  INFO 7600 --- [ngodb.net:27017] org.mongodb.driver.cluster               : Monitor thread successfully connected to server with description ServerDescription{address=ac-zz4qgxr-shard-00-02.zptrrui.mongodb.net:27017, type=REPLICA_SET_SECONDARY, state=CONNECTED, ok=true, minWireVersion=0, maxWireVersion=17, maxDocumentSize=16777216, logicalSessionTimeoutMinutes=30, roundTripTimeNanos=84721900, setName='atlas-d0z1vn-shard-0', canonicalAddress=ac-zz4qgxr-shard-00-02.zptrrui.mongodb.net:27017, hosts=[ac-zz4qgxr-shard-00-00.zptrrui.mongodb.net:27017, ac-zz4qgxr-shard-00-01.zptrrui.mongodb.net:27017, ac-zz4qgxr-shard-00-02.zptrrui.mongodb.net:27017], passives=[], arbiters=[], primary='ac-zz4qgxr-shard-00-01.zptrrui.mongodb.net:27017', tagSet=TagSet{[Tag{name='nodeType', value='ELECTABLE'}, Tag{name='provider', value='GCP'}, Tag{name='region', value='ASIA_SOUTH_1'}, Tag{name='workloadType', value='OPERATIONAL'}]}, electionId=null, setVersion=5, topologyVersion=TopologyVersion{processId=646e2ac17c30cf4a2887c916, counter=10}, lastWriteDate=Mon Jun 19 19:25:51 IST 2023, lastUpdateTimeNanos=3715889085800}
]]></system-out>
  </testcase>
</testsuite>